<?xml version="1.0" encoding="UTF-8"?>
<testsuite xmlns:xsi="http://www.w3.org/2001/XMLSchema-instance" xsi:noNamespaceSchemaLocation="https://maven.apache.org/surefire/maven-surefire-plugin/xsd/surefire-test-report-3.0.xsd" version="3.0" name="bankaccount.TestBank" time="0.076" tests="11" errors="0" skipped="0" failures="3">
  <properties>
    <property name="java.specification.version" value="19"/>
    <property name="sun.cpu.isalist" value="amd64"/>
    <property name="sun.jnu.encoding" value="Cp1252"/>
    <property name="java.class.path" value="C:\Users\Usuario\OneDrive - Universidad de Málaga\Escritorio\Universidad\Software\3_curso\MantenimientoYPruebas\bankaccountd\target\test-classes;C:\Users\Usuario\OneDrive - Universidad de Málaga\Escritorio\Universidad\Software\3_curso\MantenimientoYPruebas\bankaccountd\target\classes;C:\Users\Usuario\.m2\repository\org\junit\jupiter\junit-jupiter\5.10.1\junit-jupiter-5.10.1.jar;C:\Users\Usuario\.m2\repository\org\junit\jupiter\junit-jupiter-api\5.10.1\junit-jupiter-api-5.10.1.jar;C:\Users\Usuario\.m2\repository\org\opentest4j\opentest4j\1.3.0\opentest4j-1.3.0.jar;C:\Users\Usuario\.m2\repository\org\junit\platform\junit-platform-commons\1.10.1\junit-platform-commons-1.10.1.jar;C:\Users\Usuario\.m2\repository\org\apiguardian\apiguardian-api\1.1.2\apiguardian-api-1.1.2.jar;C:\Users\Usuario\.m2\repository\org\junit\jupiter\junit-jupiter-params\5.10.1\junit-jupiter-params-5.10.1.jar;C:\Users\Usuario\.m2\repository\org\junit\jupiter\junit-jupiter-engine\5.10.1\junit-jupiter-engine-5.10.1.jar;C:\Users\Usuario\.m2\repository\org\junit\platform\junit-platform-engine\1.10.1\junit-platform-engine-1.10.1.jar;"/>
    <property name="java.vm.vendor" value="Oracle Corporation"/>
    <property name="sun.arch.data.model" value="64"/>
    <property name="user.variant" value=""/>
    <property name="java.vendor.url" value="https://java.oracle.com/"/>
    <property name="user.timezone" value="Europe/Madrid"/>
    <property name="os.name" value="Windows 10"/>
    <property name="java.vm.specification.version" value="19"/>
    <property name="sun.java.launcher" value="SUN_STANDARD"/>
    <property name="user.country" value="ES"/>
    <property name="sun.boot.library.path" value="C:\Program Files\Java\jdk-19\bin"/>
    <property name="sun.java.command" value="C:\Users\Usuario\AppData\Local\Temp\surefire15317940698397245436\surefirebooter-20240308100015452_3.jar C:\Users\Usuario\AppData\Local\Temp\surefire15317940698397245436 2024-03-08T10-00-15_169-jvmRun1 surefire-20240308100015452_1tmp surefire_0-20240308100015452_2tmp"/>
    <property name="jdk.debug" value="release"/>
    <property name="surefire.test.class.path" value="C:\Users\Usuario\OneDrive - Universidad de Málaga\Escritorio\Universidad\Software\3_curso\MantenimientoYPruebas\bankaccountd\target\test-classes;C:\Users\Usuario\OneDrive - Universidad de Málaga\Escritorio\Universidad\Software\3_curso\MantenimientoYPruebas\bankaccountd\target\classes;C:\Users\Usuario\.m2\repository\org\junit\jupiter\junit-jupiter\5.10.1\junit-jupiter-5.10.1.jar;C:\Users\Usuario\.m2\repository\org\junit\jupiter\junit-jupiter-api\5.10.1\junit-jupiter-api-5.10.1.jar;C:\Users\Usuario\.m2\repository\org\opentest4j\opentest4j\1.3.0\opentest4j-1.3.0.jar;C:\Users\Usuario\.m2\repository\org\junit\platform\junit-platform-commons\1.10.1\junit-platform-commons-1.10.1.jar;C:\Users\Usuario\.m2\repository\org\apiguardian\apiguardian-api\1.1.2\apiguardian-api-1.1.2.jar;C:\Users\Usuario\.m2\repository\org\junit\jupiter\junit-jupiter-params\5.10.1\junit-jupiter-params-5.10.1.jar;C:\Users\Usuario\.m2\repository\org\junit\jupiter\junit-jupiter-engine\5.10.1\junit-jupiter-engine-5.10.1.jar;C:\Users\Usuario\.m2\repository\org\junit\platform\junit-platform-engine\1.10.1\junit-platform-engine-1.10.1.jar;"/>
    <property name="sun.cpu.endian" value="little"/>
    <property name="user.home" value="C:\Users\Usuario"/>
    <property name="user.language" value="es"/>
    <property name="java.specification.vendor" value="Oracle Corporation"/>
    <property name="java.version.date" value="2023-01-17"/>
    <property name="java.home" value="C:\Program Files\Java\jdk-19"/>
    <property name="file.separator" value="\"/>
    <property name="basedir" value="C:\Users\Usuario\OneDrive - Universidad de Málaga\Escritorio\Universidad\Software\3_curso\MantenimientoYPruebas\bankaccountd"/>
    <property name="java.vm.compressedOopsMode" value="Zero based"/>
    <property name="line.separator" value="&#10;"/>
    <property name="java.vm.specification.vendor" value="Oracle Corporation"/>
    <property name="java.specification.name" value="Java Platform API Specification"/>
    <property name="surefire.real.class.path" value="C:\Users\Usuario\AppData\Local\Temp\surefire15317940698397245436\surefirebooter-20240308100015452_3.jar"/>
    <property name="user.script" value=""/>
    <property name="sun.management.compiler" value="HotSpot 64-Bit Tiered Compilers"/>
    <property name="java.runtime.version" value="19.0.2+7-44"/>
    <property name="user.name" value="Usuario"/>
    <property name="stdout.encoding" value="Cp1252"/>
    <property name="path.separator" value=";"/>
    <property name="os.version" value="10.0"/>
    <property name="java.runtime.name" value="Java(TM) SE Runtime Environment"/>
    <property name="file.encoding" value="UTF-8"/>
    <property name="java.vm.name" value="Java HotSpot(TM) 64-Bit Server VM"/>
    <property name="localRepository" value="C:\Users\Usuario\.m2\repository"/>
    <property name="java.vendor.url.bug" value="https://bugreport.java.com/bugreport/"/>
    <property name="java.io.tmpdir" value="C:\Users\Usuario\AppData\Local\Temp\"/>
    <property name="java.version" value="19.0.2"/>
    <property name="user.dir" value="C:\Users\Usuario\OneDrive - Universidad de Málaga\Escritorio\Universidad\Software\3_curso\MantenimientoYPruebas\bankaccountd"/>
    <property name="os.arch" value="amd64"/>
    <property name="java.vm.specification.name" value="Java Virtual Machine Specification"/>
    <property name="sun.os.patch.level" value=""/>
    <property name="native.encoding" value="Cp1252"/>
    <property name="java.library.path" value="C:\Program Files\Java\jdk-19\bin;C:\Windows\Sun\Java\bin;C:\Windows\system32;C:\Windows;C:\Program Files\Common Files\Oracle\Java\javapath;C:\Program Files (x86)\Common Files\Oracle\Java\javapath;C:\Program Files (x86)\Razer Chroma SDK\bin;C:\Program Files\Razer Chroma SDK\bin;C:\Program Files (x86)\Razer\ChromaBroadcast\bin;C:\Program Files\Razer\ChromaBroadcast\bin;C:\Windows\system32;C:\Windows;C:\Windows\System32\Wbem;C:\Windows\System32\WindowsPowerShell\v1.0\;C:\Windows\System32\OpenSSH\;C:\Program Files (x86)\NVIDIA Corporation\PhysX\Common;C:\Windows\system32\config\systemprofile\AppData\Local\Microsoft\WindowsApps;C:\Users\Usuario\AppData\Local\Programs\Python\Python311\Scripts\;C:\Users\Usuario\AppData\Local\Programs\Python\Python311\;C:\Users\Usuario\AppData\Local\Microsoft\WindowsApps;C:\Users\Usuario\AppData\Local\Programs\Microsoft VS Code\bin;C:\Users\Usuario\AppData\Local\Programs\MiKTeX\miktex\bin\x64\;C:\Users\Usuario\AppData\Local\Pandoc\;C:\Program Files\dotnet\;C:\Program Files (x86)\Microsoft SQL Server\160\DTS\Binn\;C:\Program Files\Azure Data Studio\bin;C:\Program Files\Microsoft SQL Server\Client SDK\ODBC\170\Tools\Binn\;C:\Program Files\Microsoft SQL Server\150\Tools\Binn\;C:\Program Files\Devart\EntityDeveloper\Console;C:\Program Files (x86)\Microsoft SQL Server\160\Tools\Binn\;C:\Program Files\Microsoft SQL Server\160\Tools\Binn\;C:\Program Files\Microsoft SQL Server\160\DTS\Binn\;C:\Program Files\NVIDIA Corporation\NVIDIA NvDLISR;C:\Program Files\Git\cmd;C:\apache-maven-3.9.6\bin;C:\Users\Usuario\AppData\Local\Programs\Python\Python311\Scripts\;C:\Users\Usuario\AppData\Local\Programs\Python\Python311\;C:\Users\Usuario\AppData\Local\Microsoft\WindowsApps;C:\Users\Usuario\AppData\Local\Programs\Microsoft VS Code\bin;C:\Users\Usuario\AppData\Local\Programs\MiKTeX\miktex\bin\x64\;C:\Users\Usuario\AppData\Local\Pandoc\;C:\Users\Usuario\.dotnet\tools;C:\Program Files\Azure Data Studio\bin;C:\Program Files\Devart\EntityDeveloper\Console;C:\Users\Usuario\IntelliJ IDEA 2023.3.4\bin;;C:\Program Files\JetBrains\IntelliJ IDEA Community Edition 2023.2.5\bin;;C:\Users\Usuario\AppData\Local\GitHubDesktop\bin;."/>
    <property name="java.vm.info" value="mixed mode, sharing"/>
    <property name="stderr.encoding" value="Cp1252"/>
    <property name="java.vendor" value="Oracle Corporation"/>
    <property name="java.vm.version" value="19.0.2+7-44"/>
    <property name="sun.io.unicode.encoding" value="UnicodeLittle"/>
    <property name="java.class.version" value="63.0"/>
  </properties>
  <testcase name="pendingReturnAmountForMoreThan0Months" classname="bankaccount.TestBank" time="0.026"/>
  <testcase name="depositPositiveAmountReturnBalancePlusAmount" classname="bankaccount.TestBank" time="0.0"/>
  <testcase name="withdrawMoneyLessThanBalanceShouldReturnTrue" classname="bankaccount.TestBank" time="0.0"/>
  <testcase name="withdrawNegativeAmountThrowsIllegalArgumentException" classname="bankaccount.TestBank" time="0.006">
    <failure message="Expected java.lang.IllegalArgumentException to be thrown, but nothing was thrown." type="org.opentest4j.AssertionFailedError"><![CDATA[org.opentest4j.AssertionFailedError: Expected java.lang.IllegalArgumentException to be thrown, but nothing was thrown.
	at org.junit.jupiter.api.AssertionFailureBuilder.build(AssertionFailureBuilder.java:152)
	at org.junit.jupiter.api.AssertThrows.assertThrows(AssertThrows.java:73)
	at org.junit.jupiter.api.AssertThrows.assertThrows(AssertThrows.java:35)
	at org.junit.jupiter.api.Assertions.assertThrows(Assertions.java:3115)
	at bankaccount.TestBank.withdrawNegativeAmountThrowsIllegalArgumentException(TestBank.java:44)
	at java.base/java.lang.reflect.Method.invoke(Method.java:578)
	at java.base/java.util.ArrayList.forEach(ArrayList.java:1511)
	at java.base/java.util.ArrayList.forEach(ArrayList.java:1511)
]]></failure>
  </testcase>
  <testcase name="pendingReturnAmountFor0Months" classname="bankaccount.TestBank" time="0.001"/>
  <testcase name="pendingNegativeValuesThrowsIllegalArgumentException" classname="bankaccount.TestBank" time="0.006">
    <failure message="Unexpected exception type thrown, expected: &lt;java.lang.IllegalArgumentException&gt; but was: &lt;java.lang.StackOverflowError&gt;" type="org.opentest4j.AssertionFailedError"><![CDATA[org.opentest4j.AssertionFailedError: Unexpected exception type thrown, expected: <java.lang.IllegalArgumentException> but was: <java.lang.StackOverflowError>
	at org.junit.jupiter.api.AssertionFailureBuilder.build(AssertionFailureBuilder.java:151)
	at org.junit.jupiter.api.AssertThrows.assertThrows(AssertThrows.java:67)
	at org.junit.jupiter.api.AssertThrows.assertThrows(AssertThrows.java:35)
	at org.junit.jupiter.api.Assertions.assertThrows(Assertions.java:3115)
	at bankaccount.TestBank.pendingNegativeValuesThrowsIllegalArgumentException(TestBank.java:134)
	at java.base/java.lang.reflect.Method.invoke(Method.java:578)
	at java.base/java.util.ArrayList.forEach(ArrayList.java:1511)
	at java.base/java.util.ArrayList.forEach(ArrayList.java:1511)
Caused by: java.lang.StackOverflowError
	at com.bankaccount.BankAccount.pending(BankAccount.java:37)
	at com.bankaccount.BankAccount.pending(BankAccount.java:37)
	at com.bankaccount.BankAccount.pending(BankAccount.java:37)
	at com.bankaccount.BankAccount.pending(BankAccount.java:37)
	at com.bankaccount.BankAccount.pending(BankAccount.java:37)
	at com.bankaccount.BankAccount.pending(BankAccount.java:37)
	at com.bankaccount.BankAccount.pending(BankAccount.java:37)
	at com.bankaccount.BankAccount.pending(BankAccount.java:37)
	at com.bankaccount.BankAccount.pending(BankAccount.java:37)
	at com.bankaccount.BankAccount.pending(BankAccount.java:37)
	at com.bankaccount.BankAccount.pending(BankAccount.java:37)
	at com.bankaccount.BankAccount.pending(BankAccount.java:37)
	at com.bankaccount.BankAccount.pending(BankAccount.java:37)
	at com.bankaccount.BankAccount.pending(BankAccount.java:37)
	at com.bankaccount.BankAccount.pending(BankAccount.java:37)
	at com.bankaccount.BankAccount.pending(BankAccount.java:37)
	at com.bankaccount.BankAccount.pending(BankAccount.java:37)
	at com.bankaccount.BankAccount.pending(BankAccount.java:37)
	at com.bankaccount.BankAccount.pending(BankAccount.java:37)
	at com.bankaccount.BankAccount.pending(BankAccount.java:37)
	at com.bankaccount.BankAccount.pending(BankAccount.java:37)
	at com.bankaccount.BankAccount.pending(BankAccount.java:37)
	at com.bankaccount.BankAccount.pending(BankAccount.java:37)
	at com.bankaccount.BankAccount.pending(BankAccount.java:37)
	at com.bankaccount.BankAccount.pending(BankAccount.java:37)
	at com.bankaccount.BankAccount.pending(BankAccount.java:37)
	at com.bankaccount.BankAccount.pending(BankAccount.java:37)
	at com.bankaccount.BankAccount.pending(BankAccount.java:37)
	at com.bankaccount.BankAccount.pending(BankAccount.java:37)
	at com.bankaccount.BankAccount.pending(BankAccount.java:37)
	at com.bankaccount.BankAccount.pending(BankAccount.java:37)
	at com.bankaccount.BankAccount.pending(BankAccount.java:37)
	at com.bankaccount.BankAccount.pending(BankAccount.java:37)
	at com.bankaccount.BankAccount.pending(BankAccount.java:37)
	at com.bankaccount.BankAccount.pending(BankAccount.java:37)
	at com.bankaccount.BankAccount.pending(BankAccount.java:37)
	at com.bankaccount.BankAccount.pending(BankAccount.java:37)
	at com.bankaccount.BankAccount.pending(BankAccount.java:37)
	at com.bankaccount.BankAccount.pending(BankAccount.java:37)
	at com.bankaccount.BankAccount.pending(BankAccount.java:37)
	at com.bankaccount.BankAccount.pending(BankAccount.java:37)
	at com.bankaccount.BankAccount.pending(BankAccount.java:37)
	at com.bankaccount.BankAccount.pending(BankAccount.java:37)
	at com.bankaccount.BankAccount.pending(BankAccount.java:37)
	at com.bankaccount.BankAccount.pending(BankAccount.java:37)
	at com.bankaccount.BankAccount.pending(BankAccount.java:37)
	at com.bankaccount.BankAccount.pending(BankAccount.java:37)
	at com.bankaccount.BankAccount.pending(BankAccount.java:37)
	at com.bankaccount.BankAccount.pending(BankAccount.java:37)
	at com.bankaccount.BankAccount.pending(BankAccount.java:37)
	at com.bankaccount.BankAccount.pending(BankAccount.java:37)
	at com.bankaccount.BankAccount.pending(BankAccount.java:37)
	at com.bankaccount.BankAccount.pending(BankAccount.java:37)
	at com.bankaccount.BankAccount.pending(BankAccount.java:37)
	at com.bankaccount.BankAccount.pending(BankAccount.java:37)
	at com.bankaccount.BankAccount.pending(BankAccount.java:37)
	at com.bankaccount.BankAccount.pending(BankAccount.java:37)
	at com.bankaccount.BankAccount.pending(BankAccount.java:37)
	at com.bankaccount.BankAccount.pending(BankAccount.java:37)
	at com.bankaccount.BankAccount.pending(BankAccount.java:37)
	at com.bankaccount.BankAccount.pending(BankAccount.java:37)
	at com.bankaccount.BankAccount.pending(BankAccount.java:37)
	at com.bankaccount.BankAccount.pending(BankAccount.java:37)
	at com.bankaccount.BankAccount.pending(BankAccount.java:37)
	at com.bankaccount.BankAccount.pending(BankAccount.java:37)
	at com.bankaccount.BankAccount.pending(BankAccount.java:37)
	at com.bankaccount.BankAccount.pending(BankAccount.java:37)
	at com.bankaccount.BankAccount.pending(BankAccount.java:37)
	at com.bankaccount.BankAccount.pending(BankAccount.java:37)
	at com.bankaccount.BankAccount.pending(BankAccount.java:37)
	at com.bankaccount.BankAccount.pending(BankAccount.java:37)
	at com.bankaccount.BankAccount.pending(BankAccount.java:37)
	at com.bankaccount.BankAccount.pending(BankAccount.java:37)
	at com.bankaccount.BankAccount.pending(BankAccount.java:37)
	at com.bankaccount.BankAccount.pending(BankAccount.java:37)
	at com.bankaccount.BankAccount.pending(BankAccount.java:37)
	at com.bankaccount.BankAccount.pending(BankAccount.java:37)
	at com.bankaccount.BankAccount.pending(BankAccount.java:37)
	at com.bankaccount.BankAccount.pending(BankAccount.java:37)
	at com.bankaccount.BankAccount.pending(BankAccount.java:37)
	at com.bankaccount.BankAccount.pending(BankAccount.java:37)
	at com.bankaccount.BankAccount.pending(BankAccount.java:37)
	at com.bankaccount.BankAccount.pending(BankAccount.java:37)
	at com.bankaccount.BankAccount.pending(BankAccount.java:37)
	at com.bankaccount.BankAccount.pending(BankAccount.java:37)
	at com.bankaccount.BankAccount.pending(BankAccount.java:37)
	at com.bankaccount.BankAccount.pending(BankAccount.java:37)
	at com.bankaccount.BankAccount.pending(BankAccount.java:37)
	at com.bankaccount.BankAccount.pending(BankAccount.java:37)
	at com.bankaccount.BankAccount.pending(BankAccount.java:37)
	at com.bankaccount.BankAccount.pending(BankAccount.java:37)
	at com.bankaccount.BankAccount.pending(BankAccount.java:37)
	at com.bankaccount.BankAccount.pending(BankAccount.java:37)
	at com.bankaccount.BankAccount.pending(BankAccount.java:37)
	at com.bankaccount.BankAccount.pending(BankAccount.java:37)
	at com.bankaccount.BankAccount.pending(BankAccount.java:37)
	at com.bankaccount.BankAccount.pending(BankAccount.java:37)
	at com.bankaccount.BankAccount.pending(BankAccount.java:37)
	at com.bankaccount.BankAccount.pending(BankAccount.java:37)
	at com.bankaccount.BankAccount.pending(BankAccount.java:37)
	at com.bankaccount.BankAccount.pending(BankAccount.java:37)
	at com.bankaccount.BankAccount.pending(BankAccount.java:37)
	at com.bankaccount.BankAccount.pending(BankAccount.java:37)
	at com.bankaccount.BankAccount.pending(BankAccount.java:37)
	at com.bankaccount.BankAccount.pending(BankAccount.java:37)
	at com.bankaccount.BankAccount.pending(BankAccount.java:37)
	at com.bankaccount.BankAccount.pending(BankAccount.java:37)
	at com.bankaccount.BankAccount.pending(BankAccount.java:37)
	at com.bankaccount.BankAccount.pending(BankAccount.java:37)
	at com.bankaccount.BankAccount.pending(BankAccount.java:37)
	at com.bankaccount.BankAccount.pending(BankAccount.java:37)
	at com.bankaccount.BankAccount.pending(BankAccount.java:37)
	at com.bankaccount.BankAccount.pending(BankAccount.java:37)
	at com.bankaccount.BankAccount.pending(BankAccount.java:37)
	at com.bankaccount.BankAccount.pending(BankAccount.java:37)
	at com.bankaccount.BankAccount.pending(BankAccount.java:37)
	at com.bankaccount.BankAccount.pending(BankAccount.java:37)
	at com.bankaccount.BankAccount.pending(BankAccount.java:37)
	at com.bankaccount.BankAccount.pending(BankAccount.java:37)
	at com.bankaccount.BankAccount.pending(BankAccount.java:37)
	at com.bankaccount.BankAccount.pending(BankAccount.java:37)
	at com.bankaccount.BankAccount.pending(BankAccount.java:37)
	at com.bankaccount.BankAccount.pending(BankAccount.java:37)
	at com.bankaccount.BankAccount.pending(BankAccount.java:37)
	at com.bankaccount.BankAccount.pending(BankAccount.java:37)
	at com.bankaccount.BankAccount.pending(BankAccount.java:37)
	at com.bankaccount.BankAccount.pending(BankAccount.java:37)
	at com.bankaccount.BankAccount.pending(BankAccount.java:37)
	at com.bankaccount.BankAccount.pending(BankAccount.java:37)
	at com.bankaccount.BankAccount.pending(BankAccount.java:37)
	at com.bankaccount.BankAccount.pending(BankAccount.java:37)
	at com.bankaccount.BankAccount.pending(BankAccount.java:37)
	at com.bankaccount.BankAccount.pending(BankAccount.java:37)
	at com.bankaccount.BankAccount.pending(BankAccount.java:37)
	at com.bankaccount.BankAccount.pending(BankAccount.java:37)
	at com.bankaccount.BankAccount.pending(BankAccount.java:37)
	at com.bankaccount.BankAccount.pending(BankAccount.java:37)
	at com.bankaccount.BankAccount.pending(BankAccount.java:37)
	at com.bankaccount.BankAccount.pending(BankAccount.java:37)
	at com.bankaccount.BankAccount.pending(BankAccount.java:37)
	at com.bankaccount.BankAccount.pending(BankAccount.java:37)
	at com.bankaccount.BankAccount.pending(BankAccount.java:37)
	at com.bankaccount.BankAccount.pending(BankAccount.java:37)
	at com.bankaccount.BankAccount.pending(BankAccount.java:37)
	at com.bankaccount.BankAccount.pending(BankAccount.java:37)
	at com.bankaccount.BankAccount.pending(BankAccount.java:37)
	at com.bankaccount.BankAccount.pending(BankAccount.java:37)
	at com.bankaccount.BankAccount.pending(BankAccount.java:37)
	at com.bankaccount.BankAccount.pending(BankAccount.java:37)
	at com.bankaccount.BankAccount.pending(BankAccount.java:37)
	at com.bankaccount.BankAccount.pending(BankAccount.java:37)
	at com.bankaccount.BankAccount.pending(BankAccount.java:37)
	at com.bankaccount.BankAccount.pending(BankAccount.java:37)
	at com.bankaccount.BankAccount.pending(BankAccount.java:37)
	at com.bankaccount.BankAccount.pending(BankAccount.java:37)
	at com.bankaccount.BankAccount.pending(BankAccount.java:37)
	at com.bankaccount.BankAccount.pending(BankAccount.java:37)
	at com.bankaccount.BankAccount.pending(BankAccount.java:37)
	at com.bankaccount.BankAccount.pending(BankAccount.java:37)
	at com.bankaccount.BankAccount.pending(BankAccount.java:37)
	at com.bankaccount.BankAccount.pending(BankAccount.java:37)
	at com.bankaccount.BankAccount.pending(BankAccount.java:37)
	at com.bankaccount.BankAccount.pending(BankAccount.java:37)
	at com.bankaccount.BankAccount.pending(BankAccount.java:37)
	at com.bankaccount.BankAccount.pending(BankAccount.java:37)
	at com.bankaccount.BankAccount.pending(BankAccount.java:37)
	at com.bankaccount.BankAccount.pending(BankAccount.java:37)
	at com.bankaccount.BankAccount.pending(BankAccount.java:37)
	at com.bankaccount.BankAccount.pending(BankAccount.java:37)
	at com.bankaccount.BankAccount.pending(BankAccount.java:37)
	at com.bankaccount.BankAccount.pending(BankAccount.java:37)
	at com.bankaccount.BankAccount.pending(BankAccount.java:37)
	at com.bankaccount.BankAccount.pending(BankAccount.java:37)
	at com.bankaccount.BankAccount.pending(BankAccount.java:37)
	at com.bankaccount.BankAccount.pending(BankAccount.java:37)
	at com.bankaccount.BankAccount.pending(BankAccount.java:37)
	at com.bankaccount.BankAccount.pending(BankAccount.java:37)
	at com.bankaccount.BankAccount.pending(BankAccount.java:37)
	at com.bankaccount.BankAccount.pending(BankAccount.java:37)
	at com.bankaccount.BankAccount.pending(BankAccount.java:37)
	at com.bankaccount.BankAccount.pending(BankAccount.java:37)
	at com.bankaccount.BankAccount.pending(BankAccount.java:37)
	at com.bankaccount.BankAccount.pending(BankAccount.java:37)
	at com.bankaccount.BankAccount.pending(BankAccount.java:37)
	at com.bankaccount.BankAccount.pending(BankAccount.java:37)
	at com.bankaccount.BankAccount.pending(BankAccount.java:37)
	at com.bankaccount.BankAccount.pending(BankAccount.java:37)
	at com.bankaccount.BankAccount.pending(BankAccount.java:37)
	at com.bankaccount.BankAccount.pending(BankAccount.java:37)
	at com.bankaccount.BankAccount.pending(BankAccount.java:37)
	at com.bankaccount.BankAccount.pending(BankAccount.java:37)
	at com.bankaccount.BankAccount.pending(BankAccount.java:37)
	at com.bankaccount.BankAccount.pending(BankAccount.java:37)
	at com.bankaccount.BankAccount.pending(BankAccount.java:37)
	at com.bankaccount.BankAccount.pending(BankAccount.java:37)
	at com.bankaccount.BankAccount.pending(BankAccount.java:37)
	at com.bankaccount.BankAccount.pending(BankAccount.java:37)
	at com.bankaccount.BankAccount.pending(BankAccount.java:37)
	at com.bankaccount.BankAccount.pending(BankAccount.java:37)
	at com.bankaccount.BankAccount.pending(BankAccount.java:37)
	at com.bankaccount.BankAccount.pending(BankAccount.java:37)
	at com.bankaccount.BankAccount.pending(BankAccount.java:37)
	at com.bankaccount.BankAccount.pending(BankAccount.java:37)
	at com.bankaccount.BankAccount.pending(BankAccount.java:37)
	at com.bankaccount.BankAccount.pending(BankAccount.java:37)
	at com.bankaccount.BankAccount.pending(BankAccount.java:37)
	at com.bankaccount.BankAccount.pending(BankAccount.java:37)
	at com.bankaccount.BankAccount.pending(BankAccount.java:37)
	at com.bankaccount.BankAccount.pending(BankAccount.java:37)
	at com.bankaccount.BankAccount.pending(BankAccount.java:37)
	at com.bankaccount.BankAccount.pending(BankAccount.java:37)
	at com.bankaccount.BankAccount.pending(BankAccount.java:37)
	at com.bankaccount.BankAccount.pending(BankAccount.java:37)
	at com.bankaccount.BankAccount.pending(BankAccount.java:37)
	at com.bankaccount.BankAccount.pending(BankAccount.java:37)
	at com.bankaccount.BankAccount.pending(BankAccount.java:37)
	at com.bankaccount.BankAccount.pending(BankAccount.java:37)
	at com.bankaccount.BankAccount.pending(BankAccount.java:37)
	at com.bankaccount.BankAccount.pending(BankAccount.java:37)
	at com.bankaccount.BankAccount.pending(BankAccount.java:37)
	at com.bankaccount.BankAccount.pending(BankAccount.java:37)
	at com.bankaccount.BankAccount.pending(BankAccount.java:37)
	at com.bankaccount.BankAccount.pending(BankAccount.java:37)
	at com.bankaccount.BankAccount.pending(BankAccount.java:37)
	at com.bankaccount.BankAccount.pending(BankAccount.java:37)
	at com.bankaccount.BankAccount.pending(BankAccount.java:37)
	at com.bankaccount.BankAccount.pending(BankAccount.java:37)
	at com.bankaccount.BankAccount.pending(BankAccount.java:37)
	at com.bankaccount.BankAccount.pending(BankAccount.java:37)
	at com.bankaccount.BankAccount.pending(BankAccount.java:37)
	at com.bankaccount.BankAccount.pending(BankAccount.java:37)
	at com.bankaccount.BankAccount.pending(BankAccount.java:37)
	at com.bankaccount.BankAccount.pending(BankAccount.java:37)
	at com.bankaccount.BankAccount.pending(BankAccount.java:37)
	at com.bankaccount.BankAccount.pending(BankAccount.java:37)
	at com.bankaccount.BankAccount.pending(BankAccount.java:37)
	at com.bankaccount.BankAccount.pending(BankAccount.java:37)
	at com.bankaccount.BankAccount.pending(BankAccount.java:37)
	at com.bankaccount.BankAccount.pending(BankAccount.java:37)
	at com.bankaccount.BankAccount.pending(BankAccount.java:37)
	at com.bankaccount.BankAccount.pending(BankAccount.java:37)
	at com.bankaccount.BankAccount.pending(BankAccount.java:37)
	at com.bankaccount.BankAccount.pending(BankAccount.java:37)
	at com.bankaccount.BankAccount.pending(BankAccount.java:37)
	at com.bankaccount.BankAccount.pending(BankAccount.java:37)
	at com.bankaccount.BankAccount.pending(BankAccount.java:37)
	at com.bankaccount.BankAccount.pending(BankAccount.java:37)
	at com.bankaccount.BankAccount.pending(BankAccount.java:37)
	at com.bankaccount.BankAccount.pending(BankAccount.java:37)
	at com.bankaccount.BankAccount.pending(BankAccount.java:37)
	at com.bankaccount.BankAccount.pending(BankAccount.java:37)
	at com.bankaccount.BankAccount.pending(BankAccount.java:37)
	at com.bankaccount.BankAccount.pending(BankAccount.java:37)
	at com.bankaccount.BankAccount.pending(BankAccount.java:37)
	at com.bankaccount.BankAccount.pending(BankAccount.java:37)
	at com.bankaccount.BankAccount.pending(BankAccount.java:37)
	at com.bankaccount.BankAccount.pending(BankAccount.java:37)
	at com.bankaccount.BankAccount.pending(BankAccount.java:37)
	at com.bankaccount.BankAccount.pending(BankAccount.java:37)
	at com.bankaccount.BankAccount.pending(BankAccount.java:37)
	at com.bankaccount.BankAccount.pending(BankAccount.java:37)
	at com.bankaccount.BankAccount.pending(BankAccount.java:37)
	at com.bankaccount.BankAccount.pending(BankAccount.java:37)
	at com.bankaccount.BankAccount.pending(BankAccount.java:37)
	at com.bankaccount.BankAccount.pending(BankAccount.java:37)
	at com.bankaccount.BankAccount.pending(BankAccount.java:37)
	at com.bankaccount.BankAccount.pending(BankAccount.java:37)
	at com.bankaccount.BankAccount.pending(BankAccount.java:37)
	at com.bankaccount.BankAccount.pending(BankAccount.java:37)
	at com.bankaccount.BankAccount.pending(BankAccount.java:37)
	at com.bankaccount.BankAccount.pending(BankAccount.java:37)
	at com.bankaccount.BankAccount.pending(BankAccount.java:37)
	at com.bankaccount.BankAccount.pending(BankAccount.java:37)
	at com.bankaccount.BankAccount.pending(BankAccount.java:37)
	at com.bankaccount.BankAccount.pending(BankAccount.java:37)
	at com.bankaccount.BankAccount.pending(BankAccount.java:37)
	at com.bankaccount.BankAccount.pending(BankAccount.java:37)
	at com.bankaccount.BankAccount.pending(BankAccount.java:37)
	at com.bankaccount.BankAccount.pending(BankAccount.java:37)
	at com.bankaccount.BankAccount.pending(BankAccount.java:37)
	at com.bankaccount.BankAccount.pending(BankAccount.java:37)
	at com.bankaccount.BankAccount.pending(BankAccount.java:37)
	at com.bankaccount.BankAccount.pending(BankAccount.java:37)
	at com.bankaccount.BankAccount.pending(BankAccount.java:37)
	at com.bankaccount.BankAccount.pending(BankAccount.java:37)
	at com.bankaccount.BankAccount.pending(BankAccount.java:37)
	at com.bankaccount.BankAccount.pending(BankAccount.java:37)
	at com.bankaccount.BankAccount.pending(BankAccount.java:37)
	at com.bankaccount.BankAccount.pending(BankAccount.java:37)
	at com.bankaccount.BankAccount.pending(BankAccount.java:37)
	at com.bankaccount.BankAccount.pending(BankAccount.java:37)
	at com.bankaccount.BankAccount.pending(BankAccount.java:37)
	at com.bankaccount.BankAccount.pending(BankAccount.java:37)
	at com.bankaccount.BankAccount.pending(BankAccount.java:37)
	at com.bankaccount.BankAccount.pending(BankAccount.java:37)
	at com.bankaccount.BankAccount.pending(BankAccount.java:37)
	at com.bankaccount.BankAccount.pending(BankAccount.java:37)
	at com.bankaccount.BankAccount.pending(BankAccount.java:37)
	at com.bankaccount.BankAccount.pending(BankAccount.java:37)
	at com.bankaccount.BankAccount.pending(BankAccount.java:37)
	at com.bankaccount.BankAccount.pending(BankAccount.java:37)
	at com.bankaccount.BankAccount.pending(BankAccount.java:37)
	at com.bankaccount.BankAccount.pending(BankAccount.java:37)
	at com.bankaccount.BankAccount.pending(BankAccount.java:37)
	at com.bankaccount.BankAccount.pending(BankAccount.java:37)
	at com.bankaccount.BankAccount.pending(BankAccount.java:37)
	at com.bankaccount.BankAccount.pending(BankAccount.java:37)
	at com.bankaccount.BankAccount.pending(BankAccount.java:37)
	at com.bankaccount.BankAccount.pending(BankAccount.java:37)
	at com.bankaccount.BankAccount.pending(BankAccount.java:37)
	at com.bankaccount.BankAccount.pending(BankAccount.java:37)
	at com.bankaccount.BankAccount.pending(BankAccount.java:37)
	at com.bankaccount.BankAccount.pending(BankAccount.java:37)
	at com.bankaccount.BankAccount.pending(BankAccount.java:37)
	at com.bankaccount.BankAccount.pending(BankAccount.java:37)
	at com.bankaccount.BankAccount.pending(BankAccount.java:37)
	at com.bankaccount.BankAccount.pending(BankAccount.java:37)
	at com.bankaccount.BankAccount.pending(BankAccount.java:37)
	at com.bankaccount.BankAccount.pending(BankAccount.java:37)
	at com.bankaccount.BankAccount.pending(BankAccount.java:37)
	at com.bankaccount.BankAccount.pending(BankAccount.java:37)
	at com.bankaccount.BankAccount.pending(BankAccount.java:37)
	at com.bankaccount.BankAccount.pending(BankAccount.java:37)
	at com.bankaccount.BankAccount.pending(BankAccount.java:37)
	at com.bankaccount.BankAccount.pending(BankAccount.java:37)
	at com.bankaccount.BankAccount.pending(BankAccount.java:37)
	at com.bankaccount.BankAccount.pending(BankAccount.java:37)
	at com.bankaccount.BankAccount.pending(BankAccount.java:37)
	at com.bankaccount.BankAccount.pending(BankAccount.java:37)
	at com.bankaccount.BankAccount.pending(BankAccount.java:37)
	at com.bankaccount.BankAccount.pending(BankAccount.java:37)
	at com.bankaccount.BankAccount.pending(BankAccount.java:37)
	at com.bankaccount.BankAccount.pending(BankAccount.java:37)
	at com.bankaccount.BankAccount.pending(BankAccount.java:37)
	at com.bankaccount.BankAccount.pending(BankAccount.java:37)
	at com.bankaccount.BankAccount.pending(BankAccount.java:37)
	at com.bankaccount.BankAccount.pending(BankAccount.java:37)
	at com.bankaccount.BankAccount.pending(BankAccount.java:37)
	at com.bankaccount.BankAccount.pending(BankAccount.java:37)
	at com.bankaccount.BankAccount.pending(BankAccount.java:37)
	at com.bankaccount.BankAccount.pending(BankAccount.java:37)
	at com.bankaccount.BankAccount.pending(BankAccount.java:37)
	at com.bankaccount.BankAccount.pending(BankAccount.java:37)
	at com.bankaccount.BankAccount.pending(BankAccount.java:37)
	at com.bankaccount.BankAccount.pending(BankAccount.java:37)
	at com.bankaccount.BankAccount.pending(BankAccount.java:37)
	at com.bankaccount.BankAccount.pending(BankAccount.java:37)
	at com.bankaccount.BankAccount.pending(BankAccount.java:37)
	at com.bankaccount.BankAccount.pending(BankAccount.java:37)
	at com.bankaccount.BankAccount.pending(BankAccount.java:37)
	at com.bankaccount.BankAccount.pending(BankAccount.java:37)
	at com.bankaccount.BankAccount.pending(BankAccount.java:37)
	at com.bankaccount.BankAccount.pending(BankAccount.java:37)
	at com.bankaccount.BankAccount.pending(BankAccount.java:37)
	at com.bankaccount.BankAccount.pending(BankAccount.java:37)
	at com.bankaccount.BankAccount.pending(BankAccount.java:37)
	at com.bankaccount.BankAccount.pending(BankAccount.java:37)
	at com.bankaccount.BankAccount.pending(BankAccount.java:37)
	at com.bankaccount.BankAccount.pending(BankAccount.java:37)
	at com.bankaccount.BankAccount.pending(BankAccount.java:37)
	at com.bankaccount.BankAccount.pending(BankAccount.java:37)
	at com.bankaccount.BankAccount.pending(BankAccount.java:37)
	at com.bankaccount.BankAccount.pending(BankAccount.java:37)
	at com.bankaccount.BankAccount.pending(BankAccount.java:37)
	at com.bankaccount.BankAccount.pending(BankAccount.java:37)
	at com.bankaccount.BankAccount.pending(BankAccount.java:37)
	at com.bankaccount.BankAccount.pending(BankAccount.java:37)
	at com.bankaccount.BankAccount.pending(BankAccount.java:37)
	at com.bankaccount.BankAccount.pending(BankAccount.java:37)
	at com.bankaccount.BankAccount.pending(BankAccount.java:37)
	at com.bankaccount.BankAccount.pending(BankAccount.java:37)
	at com.bankaccount.BankAccount.pending(BankAccount.java:37)
	at com.bankaccount.BankAccount.pending(BankAccount.java:37)
	at com.bankaccount.BankAccount.pending(BankAccount.java:37)
	at com.bankaccount.BankAccount.pending(BankAccount.java:37)
	at com.bankaccount.BankAccount.pending(BankAccount.java:37)
	at com.bankaccount.BankAccount.pending(BankAccount.java:37)
	at com.bankaccount.BankAccount.pending(BankAccount.java:37)
	at com.bankaccount.BankAccount.pending(BankAccount.java:37)
	at com.bankaccount.BankAccount.pending(BankAccount.java:37)
	at com.bankaccount.BankAccount.pending(BankAccount.java:37)
	at com.bankaccount.BankAccount.pending(BankAccount.java:37)
	at com.bankaccount.BankAccount.pending(BankAccount.java:37)
	at com.bankaccount.BankAccount.pending(BankAccount.java:37)
	at com.bankaccount.BankAccount.pending(BankAccount.java:37)
	at com.bankaccount.BankAccount.pending(BankAccount.java:37)
	at com.bankaccount.BankAccount.pending(BankAccount.java:37)
	at com.bankaccount.BankAccount.pending(BankAccount.java:37)
	at com.bankaccount.BankAccount.pending(BankAccount.java:37)
	at com.bankaccount.BankAccount.pending(BankAccount.java:37)
	at com.bankaccount.BankAccount.pending(BankAccount.java:37)
	at com.bankaccount.BankAccount.pending(BankAccount.java:37)
	at com.bankaccount.BankAccount.pending(BankAccount.java:37)
	at com.bankaccount.BankAccount.pending(BankAccount.java:37)
	at com.bankaccount.BankAccount.pending(BankAccount.java:37)
	at com.bankaccount.BankAccount.pending(BankAccount.java:37)
	at com.bankaccount.BankAccount.pending(BankAccount.java:37)
	at com.bankaccount.BankAccount.pending(BankAccount.java:37)
	at com.bankaccount.BankAccount.pending(BankAccount.java:37)
	at com.bankaccount.BankAccount.pending(BankAccount.java:37)
	at com.bankaccount.BankAccount.pending(BankAccount.java:37)
	at com.bankaccount.BankAccount.pending(BankAccount.java:37)
	at com.bankaccount.BankAccount.pending(BankAccount.java:37)
	at com.bankaccount.BankAccount.pending(BankAccount.java:37)
	at com.bankaccount.BankAccount.pending(BankAccount.java:37)
	at com.bankaccount.BankAccount.pending(BankAccount.java:37)
	at com.bankaccount.BankAccount.pending(BankAccount.java:37)
	at com.bankaccount.BankAccount.pending(BankAccount.java:37)
	at com.bankaccount.BankAccount.pending(BankAccount.java:37)
	at com.bankaccount.BankAccount.pending(BankAccount.java:37)
	at com.bankaccount.BankAccount.pending(BankAccount.java:37)
	at com.bankaccount.BankAccount.pending(BankAccount.java:37)
	at com.bankaccount.BankAccount.pending(BankAccount.java:37)
	at com.bankaccount.BankAccount.pending(BankAccount.java:37)
	at com.bankaccount.BankAccount.pending(BankAccount.java:37)
	at com.bankaccount.BankAccount.pending(BankAccount.java:37)
	at com.bankaccount.BankAccount.pending(BankAccount.java:37)
	at com.bankaccount.BankAccount.pending(BankAccount.java:37)
	at com.bankaccount.BankAccount.pending(BankAccount.java:37)
	at com.bankaccount.BankAccount.pending(BankAccount.java:37)
	at com.bankaccount.BankAccount.pending(BankAccount.java:37)
	at com.bankaccount.BankAccount.pending(BankAccount.java:37)
	at com.bankaccount.BankAccount.pending(BankAccount.java:37)
	at com.bankaccount.BankAccount.pending(BankAccount.java:37)
	at com.bankaccount.BankAccount.pending(BankAccount.java:37)
	at com.bankaccount.BankAccount.pending(BankAccount.java:37)
	at com.bankaccount.BankAccount.pending(BankAccount.java:37)
	at com.bankaccount.BankAccount.pending(BankAccount.java:37)
	at com.bankaccount.BankAccount.pending(BankAccount.java:37)
	at com.bankaccount.BankAccount.pending(BankAccount.java:37)
	at com.bankaccount.BankAccount.pending(BankAccount.java:37)
	at com.bankaccount.BankAccount.pending(BankAccount.java:37)
	at com.bankaccount.BankAccount.pending(BankAccount.java:37)
	at com.bankaccount.BankAccount.pending(BankAccount.java:37)
	at com.bankaccount.BankAccount.pending(BankAccount.java:37)
	at com.bankaccount.BankAccount.pending(BankAccount.java:37)
	at com.bankaccount.BankAccount.pending(BankAccount.java:37)
	at com.bankaccount.BankAccount.pending(BankAccount.java:37)
	at com.bankaccount.BankAccount.pending(BankAccount.java:37)
	at com.bankaccount.BankAccount.pending(BankAccount.java:37)
	at com.bankaccount.BankAccount.pending(BankAccount.java:37)
	at com.bankaccount.BankAccount.pending(BankAccount.java:37)
	at com.bankaccount.BankAccount.pending(BankAccount.java:37)
	at com.bankaccount.BankAccount.pending(BankAccount.java:37)
	at com.bankaccount.BankAccount.pending(BankAccount.java:37)
	at com.bankaccount.BankAccount.pending(BankAccount.java:37)
	at com.bankaccount.BankAccount.pending(BankAccount.java:37)
	at com.bankaccount.BankAccount.pending(BankAccount.java:37)
	at com.bankaccount.BankAccount.pending(BankAccount.java:37)
	at com.bankaccount.BankAccount.pending(BankAccount.java:37)
	at com.bankaccount.BankAccount.pending(BankAccount.java:37)
	at com.bankaccount.BankAccount.pending(BankAccount.java:37)
	at com.bankaccount.BankAccount.pending(BankAccount.java:37)
	at com.bankaccount.BankAccount.pending(BankAccount.java:37)
	at com.bankaccount.BankAccount.pending(BankAccount.java:37)
	at com.bankaccount.BankAccount.pending(BankAccount.java:37)
	at com.bankaccount.BankAccount.pending(BankAccount.java:37)
	at com.bankaccount.BankAccount.pending(BankAccount.java:37)
	at com.bankaccount.BankAccount.pending(BankAccount.java:37)
	at com.bankaccount.BankAccount.pending(BankAccount.java:37)
	at com.bankaccount.BankAccount.pending(BankAccount.java:37)
	at com.bankaccount.BankAccount.pending(BankAccount.java:37)
	at com.bankaccount.BankAccount.pending(BankAccount.java:37)
	at com.bankaccount.BankAccount.pending(BankAccount.java:37)
	at com.bankaccount.BankAccount.pending(BankAccount.java:37)
	at com.bankaccount.BankAccount.pending(BankAccount.java:37)
	at com.bankaccount.BankAccount.pending(BankAccount.java:37)
	at com.bankaccount.BankAccount.pending(BankAccount.java:37)
	at com.bankaccount.BankAccount.pending(BankAccount.java:37)
	at com.bankaccount.BankAccount.pending(BankAccount.java:37)
	at com.bankaccount.BankAccount.pending(BankAccount.java:37)
	at com.bankaccount.BankAccount.pending(BankAccount.java:37)
	at com.bankaccount.BankAccount.pending(BankAccount.java:37)
	at com.bankaccount.BankAccount.pending(BankAccount.java:37)
	at com.bankaccount.BankAccount.pending(BankAccount.java:37)
	at com.bankaccount.BankAccount.pending(BankAccount.java:37)
	at com.bankaccount.BankAccount.pending(BankAccount.java:37)
	at com.bankaccount.BankAccount.pending(BankAccount.java:37)
	at com.bankaccount.BankAccount.pending(BankAccount.java:37)
	at com.bankaccount.BankAccount.pending(BankAccount.java:37)
	at com.bankaccount.BankAccount.pending(BankAccount.java:37)
	at com.bankaccount.BankAccount.pending(BankAccount.java:37)
	at com.bankaccount.BankAccount.pending(BankAccount.java:37)
	at com.bankaccount.BankAccount.pending(BankAccount.java:37)
	at com.bankaccount.BankAccount.pending(BankAccount.java:37)
	at com.bankaccount.BankAccount.pending(BankAccount.java:37)
	at com.bankaccount.BankAccount.pending(BankAccount.java:37)
	at com.bankaccount.BankAccount.pending(BankAccount.java:37)
	at com.bankaccount.BankAccount.pending(BankAccount.java:37)
	at com.bankaccount.BankAccount.pending(BankAccount.java:37)
	at com.bankaccount.BankAccount.pending(BankAccount.java:37)
	at com.bankaccount.BankAccount.pending(BankAccount.java:37)
	at com.bankaccount.BankAccount.pending(BankAccount.java:37)
	at com.bankaccount.BankAccount.pending(BankAccount.java:37)
	at com.bankaccount.BankAccount.pending(BankAccount.java:37)
	at com.bankaccount.BankAccount.pending(BankAccount.java:37)
	at com.bankaccount.BankAccount.pending(BankAccount.java:37)
	at com.bankaccount.BankAccount.pending(BankAccount.java:37)
	at com.bankaccount.BankAccount.pending(BankAccount.java:37)
	at com.bankaccount.BankAccount.pending(BankAccount.java:37)
	at com.bankaccount.BankAccount.pending(BankAccount.java:37)
	at com.bankaccount.BankAccount.pending(BankAccount.java:37)
	at com.bankaccount.BankAccount.pending(BankAccount.java:37)
	at com.bankaccount.BankAccount.pending(BankAccount.java:37)
	at com.bankaccount.BankAccount.pending(BankAccount.java:37)
	at com.bankaccount.BankAccount.pending(BankAccount.java:37)
	at com.bankaccount.BankAccount.pending(BankAccount.java:37)
	at com.bankaccount.BankAccount.pending(BankAccount.java:37)
	at com.bankaccount.BankAccount.pending(BankAccount.java:37)
	at com.bankaccount.BankAccount.pending(BankAccount.java:37)
	at com.bankaccount.BankAccount.pending(BankAccount.java:37)
	at com.bankaccount.BankAccount.pending(BankAccount.java:37)
	at com.bankaccount.BankAccount.pending(BankAccount.java:37)
	at com.bankaccount.BankAccount.pending(BankAccount.java:37)
	at com.bankaccount.BankAccount.pending(BankAccount.java:37)
	at com.bankaccount.BankAccount.pending(BankAccount.java:37)
	at com.bankaccount.BankAccount.pending(BankAccount.java:37)
	at com.bankaccount.BankAccount.pending(BankAccount.java:37)
	at com.bankaccount.BankAccount.pending(BankAccount.java:37)
	at com.bankaccount.BankAccount.pending(BankAccount.java:37)
	at com.bankaccount.BankAccount.pending(BankAccount.java:37)
	at com.bankaccount.BankAccount.pending(BankAccount.java:37)
	at com.bankaccount.BankAccount.pending(BankAccount.java:37)
	at com.bankaccount.BankAccount.pending(BankAccount.java:37)
	at com.bankaccount.BankAccount.pending(BankAccount.java:37)
	at com.bankaccount.BankAccount.pending(BankAccount.java:37)
	at com.bankaccount.BankAccount.pending(BankAccount.java:37)
	at com.bankaccount.BankAccount.pending(BankAccount.java:37)
	at com.bankaccount.BankAccount.pending(BankAccount.java:37)
	at com.bankaccount.BankAccount.pending(BankAccount.java:37)
	at com.bankaccount.BankAccount.pending(BankAccount.java:37)
	at com.bankaccount.BankAccount.pending(BankAccount.java:37)
	at com.bankaccount.BankAccount.pending(BankAccount.java:37)
	at com.bankaccount.BankAccount.pending(BankAccount.java:37)
	at com.bankaccount.BankAccount.pending(BankAccount.java:37)
	at com.bankaccount.BankAccount.pending(BankAccount.java:37)
	at com.bankaccount.BankAccount.pending(BankAccount.java:37)
	at com.bankaccount.BankAccount.pending(BankAccount.java:37)
	at com.bankaccount.BankAccount.pending(BankAccount.java:37)
	at com.bankaccount.BankAccount.pending(BankAccount.java:37)
	at com.bankaccount.BankAccount.pending(BankAccount.java:37)
	at com.bankaccount.BankAccount.pending(BankAccount.java:37)
	at com.bankaccount.BankAccount.pending(BankAccount.java:37)
	at com.bankaccount.BankAccount.pending(BankAccount.java:37)
	at com.bankaccount.BankAccount.pending(BankAccount.java:37)
	at com.bankaccount.BankAccount.pending(BankAccount.java:37)
	at com.bankaccount.BankAccount.pending(BankAccount.java:37)
	at com.bankaccount.BankAccount.pending(BankAccount.java:37)
	at com.bankaccount.BankAccount.pending(BankAccount.java:37)
	at com.bankaccount.BankAccount.pending(BankAccount.java:37)
	at com.bankaccount.BankAccount.pending(BankAccount.java:37)
	at com.bankaccount.BankAccount.pending(BankAccount.java:37)
	at com.bankaccount.BankAccount.pending(BankAccount.java:37)
	at com.bankaccount.BankAccount.pending(BankAccount.java:37)
	at com.bankaccount.BankAccount.pending(BankAccount.java:37)
	at com.bankaccount.BankAccount.pending(BankAccount.java:37)
	at com.bankaccount.BankAccount.pending(BankAccount.java:37)
	at com.bankaccount.BankAccount.pending(BankAccount.java:37)
	at com.bankaccount.BankAccount.pending(BankAccount.java:37)
	at com.bankaccount.BankAccount.pending(BankAccount.java:37)
	at com.bankaccount.BankAccount.pending(BankAccount.java:37)
	at com.bankaccount.BankAccount.pending(BankAccount.java:37)
	at com.bankaccount.BankAccount.pending(BankAccount.java:37)
	at com.bankaccount.BankAccount.pending(BankAccount.java:37)
	at com.bankaccount.BankAccount.pending(BankAccount.java:37)
	at com.bankaccount.BankAccount.pending(BankAccount.java:37)
	at com.bankaccount.BankAccount.pending(BankAccount.java:37)
	at com.bankaccount.BankAccount.pending(BankAccount.java:37)
	at com.bankaccount.BankAccount.pending(BankAccount.java:37)
	at com.bankaccount.BankAccount.pending(BankAccount.java:37)
	at com.bankaccount.BankAccount.pending(BankAccount.java:37)
	at com.bankaccount.BankAccount.pending(BankAccount.java:37)
	at com.bankaccount.BankAccount.pending(BankAccount.java:37)
	at com.bankaccount.BankAccount.pending(BankAccount.java:37)
	at com.bankaccount.BankAccount.pending(BankAccount.java:37)
	at com.bankaccount.BankAccount.pending(BankAccount.java:37)
	at com.bankaccount.BankAccount.pending(BankAccount.java:37)
	at com.bankaccount.BankAccount.pending(BankAccount.java:37)
	at com.bankaccount.BankAccount.pending(BankAccount.java:37)
	at com.bankaccount.BankAccount.pending(BankAccount.java:37)
	at com.bankaccount.BankAccount.pending(BankAccount.java:37)
	at com.bankaccount.BankAccount.pending(BankAccount.java:37)
	at com.bankaccount.BankAccount.pending(BankAccount.java:37)
	at com.bankaccount.BankAccount.pending(BankAccount.java:37)
	at com.bankaccount.BankAccount.pending(BankAccount.java:37)
	at com.bankaccount.BankAccount.pending(BankAccount.java:37)
	at com.bankaccount.BankAccount.pending(BankAccount.java:37)
	at com.bankaccount.BankAccount.pending(BankAccount.java:37)
	at com.bankaccount.BankAccount.pending(BankAccount.java:37)
	at com.bankaccount.BankAccount.pending(BankAccount.java:37)
	at com.bankaccount.BankAccount.pending(BankAccount.java:37)
	at com.bankaccount.BankAccount.pending(BankAccount.java:37)
	at com.bankaccount.BankAccount.pending(BankAccount.java:37)
	at com.bankaccount.BankAccount.pending(BankAccount.java:37)
	at com.bankaccount.BankAccount.pending(BankAccount.java:37)
	at com.bankaccount.BankAccount.pending(BankAccount.java:37)
	at com.bankaccount.BankAccount.pending(BankAccount.java:37)
	at com.bankaccount.BankAccount.pending(BankAccount.java:37)
	at com.bankaccount.BankAccount.pending(BankAccount.java:37)
	at com.bankaccount.BankAccount.pending(BankAccount.java:37)
	at com.bankaccount.BankAccount.pending(BankAccount.java:37)
	at com.bankaccount.BankAccount.pending(BankAccount.java:37)
	at com.bankaccount.BankAccount.pending(BankAccount.java:37)
	at com.bankaccount.BankAccount.pending(BankAccount.java:37)
	at com.bankaccount.BankAccount.pending(BankAccount.java:37)
	at com.bankaccount.BankAccount.pending(BankAccount.java:37)
	at com.bankaccount.BankAccount.pending(BankAccount.java:37)
	at com.bankaccount.BankAccount.pending(BankAccount.java:37)
	at com.bankaccount.BankAccount.pending(BankAccount.java:37)
	at com.bankaccount.BankAccount.pending(BankAccount.java:37)
	at com.bankaccount.BankAccount.pending(BankAccount.java:37)
	at com.bankaccount.BankAccount.pending(BankAccount.java:37)
	at com.bankaccount.BankAccount.pending(BankAccount.java:37)
	at com.bankaccount.BankAccount.pending(BankAccount.java:37)
	at com.bankaccount.BankAccount.pending(BankAccount.java:37)
	at com.bankaccount.BankAccount.pending(BankAccount.java:37)
	at com.bankaccount.BankAccount.pending(BankAccount.java:37)
	at com.bankaccount.BankAccount.pending(BankAccount.java:37)
	at com.bankaccount.BankAccount.pending(BankAccount.java:37)
	at com.bankaccount.BankAccount.pending(BankAccount.java:37)
	at com.bankaccount.BankAccount.pending(BankAccount.java:37)
	at com.bankaccount.BankAccount.pending(BankAccount.java:37)
	at com.bankaccount.BankAccount.pending(BankAccount.java:37)
	at com.bankaccount.BankAccount.pending(BankAccount.java:37)
	at com.bankaccount.BankAccount.pending(BankAccount.java:37)
	at com.bankaccount.BankAccount.pending(BankAccount.java:37)
	at com.bankaccount.BankAccount.pending(BankAccount.java:37)
	at com.bankaccount.BankAccount.pending(BankAccount.java:37)
	at com.bankaccount.BankAccount.pending(BankAccount.java:37)
	at com.bankaccount.BankAccount.pending(BankAccount.java:37)
	at com.bankaccount.BankAccount.pending(BankAccount.java:37)
	at com.bankaccount.BankAccount.pending(BankAccount.java:37)
	at com.bankaccount.BankAccount.pending(BankAccount.java:37)
	at com.bankaccount.BankAccount.pending(BankAccount.java:37)
	at com.bankaccount.BankAccount.pending(BankAccount.java:37)
	at com.bankaccount.BankAccount.pending(BankAccount.java:37)
	at com.bankaccount.BankAccount.pending(BankAccount.java:37)
	at com.bankaccount.BankAccount.pending(BankAccount.java:37)
	at com.bankaccount.BankAccount.pending(BankAccount.java:37)
	at com.bankaccount.BankAccount.pending(BankAccount.java:37)
	at com.bankaccount.BankAccount.pending(BankAccount.java:37)
	at com.bankaccount.BankAccount.pending(BankAccount.java:37)
	at com.bankaccount.BankAccount.pending(BankAccount.java:37)
	at com.bankaccount.BankAccount.pending(BankAccount.java:37)
	at com.bankaccount.BankAccount.pending(BankAccount.java:37)
	at com.bankaccount.BankAccount.pending(BankAccount.java:37)
	at com.bankaccount.BankAccount.pending(BankAccount.java:37)
	at com.bankaccount.BankAccount.pending(BankAccount.java:37)
	at com.bankaccount.BankAccount.pending(BankAccount.java:37)
	at com.bankaccount.BankAccount.pending(BankAccount.java:37)
	at com.bankaccount.BankAccount.pending(BankAccount.java:37)
	at com.bankaccount.BankAccount.pending(BankAccount.java:37)
	at com.bankaccount.BankAccount.pending(BankAccount.java:37)
	at com.bankaccount.BankAccount.pending(BankAccount.java:37)
	at com.bankaccount.BankAccount.pending(BankAccount.java:37)
	at com.bankaccount.BankAccount.pending(BankAccount.java:37)
	at com.bankaccount.BankAccount.pending(BankAccount.java:37)
	at com.bankaccount.BankAccount.pending(BankAccount.java:37)
	at com.bankaccount.BankAccount.pending(BankAccount.java:37)
	at com.bankaccount.BankAccount.pending(BankAccount.java:37)
	at com.bankaccount.BankAccount.pending(BankAccount.java:37)
	at com.bankaccount.BankAccount.pending(BankAccount.java:37)
	at com.bankaccount.BankAccount.pending(BankAccount.java:37)
	at com.bankaccount.BankAccount.pending(BankAccount.java:37)
	at com.bankaccount.BankAccount.pending(BankAccount.java:37)
	at com.bankaccount.BankAccount.pending(BankAccount.java:37)
	at com.bankaccount.BankAccount.pending(BankAccount.java:37)
	at com.bankaccount.BankAccount.pending(BankAccount.java:37)
	at com.bankaccount.BankAccount.pending(BankAccount.java:37)
	at com.bankaccount.BankAccount.pending(BankAccount.java:37)
	at com.bankaccount.BankAccount.pending(BankAccount.java:37)
	at com.bankaccount.BankAccount.pending(BankAccount.java:37)
	at com.bankaccount.BankAccount.pending(BankAccount.java:37)
	at com.bankaccount.BankAccount.pending(BankAccount.java:37)
	at com.bankaccount.BankAccount.pending(BankAccount.java:37)
	at com.bankaccount.BankAccount.pending(BankAccount.java:37)
	at com.bankaccount.BankAccount.pending(BankAccount.java:37)
	at com.bankaccount.BankAccount.pending(BankAccount.java:37)
	at com.bankaccount.BankAccount.pending(BankAccount.java:37)
	at com.bankaccount.BankAccount.pending(BankAccount.java:37)
	at com.bankaccount.BankAccount.pending(BankAccount.java:37)
	at com.bankaccount.BankAccount.pending(BankAccount.java:37)
	at com.bankaccount.BankAccount.pending(BankAccount.java:37)
	at com.bankaccount.BankAccount.pending(BankAccount.java:37)
	at com.bankaccount.BankAccount.pending(BankAccount.java:37)
	at com.bankaccount.BankAccount.pending(BankAccount.java:37)
	at com.bankaccount.BankAccount.pending(BankAccount.java:37)
	at com.bankaccount.BankAccount.pending(BankAccount.java:37)
	at com.bankaccount.BankAccount.pending(BankAccount.java:37)
	at com.bankaccount.BankAccount.pending(BankAccount.java:37)
	at com.bankaccount.BankAccount.pending(BankAccount.java:37)
	at com.bankaccount.BankAccount.pending(BankAccount.java:37)
	at com.bankaccount.BankAccount.pending(BankAccount.java:37)
	at com.bankaccount.BankAccount.pending(BankAccount.java:37)
	at com.bankaccount.BankAccount.pending(BankAccount.java:37)
	at com.bankaccount.BankAccount.pending(BankAccount.java:37)
	at com.bankaccount.BankAccount.pending(BankAccount.java:37)
	at com.bankaccount.BankAccount.pending(BankAccount.java:37)
	at com.bankaccount.BankAccount.pending(BankAccount.java:37)
	at com.bankaccount.BankAccount.pending(BankAccount.java:37)
	at com.bankaccount.BankAccount.pending(BankAccount.java:37)
	at com.bankaccount.BankAccount.pending(BankAccount.java:37)
	at com.bankaccount.BankAccount.pending(BankAccount.java:37)
	at com.bankaccount.BankAccount.pending(BankAccount.java:37)
	at com.bankaccount.BankAccount.pending(BankAccount.java:37)
	at com.bankaccount.BankAccount.pending(BankAccount.java:37)
	at com.bankaccount.BankAccount.pending(BankAccount.java:37)
	at com.bankaccount.BankAccount.pending(BankAccount.java:37)
	at com.bankaccount.BankAccount.pending(BankAccount.java:37)
	at com.bankaccount.BankAccount.pending(BankAccount.java:37)
	at com.bankaccount.BankAccount.pending(BankAccount.java:37)
	at com.bankaccount.BankAccount.pending(BankAccount.java:37)
	at com.bankaccount.BankAccount.pending(BankAccount.java:37)
	at com.bankaccount.BankAccount.pending(BankAccount.java:37)
	at com.bankaccount.BankAccount.pending(BankAccount.java:37)
	at com.bankaccount.BankAccount.pending(BankAccount.java:37)
	at com.bankaccount.BankAccount.pending(BankAccount.java:37)
	at com.bankaccount.BankAccount.pending(BankAccount.java:37)
	at com.bankaccount.BankAccount.pending(BankAccount.java:37)
	at com.bankaccount.BankAccount.pending(BankAccount.java:37)
	at com.bankaccount.BankAccount.pending(BankAccount.java:37)
	at com.bankaccount.BankAccount.pending(BankAccount.java:37)
	at com.bankaccount.BankAccount.pending(BankAccount.java:37)
	at com.bankaccount.BankAccount.pending(BankAccount.java:37)
	at com.bankaccount.BankAccount.pending(BankAccount.java:37)
	at com.bankaccount.BankAccount.pending(BankAccount.java:37)
	at com.bankaccount.BankAccount.pending(BankAccount.java:37)
	at com.bankaccount.BankAccount.pending(BankAccount.java:37)
	at com.bankaccount.BankAccount.pending(BankAccount.java:37)
	at com.bankaccount.BankAccount.pending(BankAccount.java:37)
	at com.bankaccount.BankAccount.pending(BankAccount.java:37)
	at com.bankaccount.BankAccount.pending(BankAccount.java:37)
	at com.bankaccount.BankAccount.pending(BankAccount.java:37)
	at com.bankaccount.BankAccount.pending(BankAccount.java:37)
	at com.bankaccount.BankAccount.pending(BankAccount.java:37)
	at com.bankaccount.BankAccount.pending(BankAccount.java:37)
	at com.bankaccount.BankAccount.pending(BankAccount.java:37)
	at com.bankaccount.BankAccount.pending(BankAccount.java:37)
	at com.bankaccount.BankAccount.pending(BankAccount.java:37)
	at com.bankaccount.BankAccount.pending(BankAccount.java:37)
	at com.bankaccount.BankAccount.pending(BankAccount.java:37)
	at com.bankaccount.BankAccount.pending(BankAccount.java:37)
	at com.bankaccount.BankAccount.pending(BankAccount.java:37)
	at com.bankaccount.BankAccount.pending(BankAccount.java:37)
	at com.bankaccount.BankAccount.pending(BankAccount.java:37)
	at com.bankaccount.BankAccount.pending(BankAccount.java:37)
	at com.bankaccount.BankAccount.pending(BankAccount.java:37)
	at com.bankaccount.BankAccount.pending(BankAccount.java:37)
	at com.bankaccount.BankAccount.pending(BankAccount.java:37)
	at com.bankaccount.BankAccount.pending(BankAccount.java:37)
	at com.bankaccount.BankAccount.pending(BankAccount.java:37)
	at com.bankaccount.BankAccount.pending(BankAccount.java:37)
	at com.bankaccount.BankAccount.pending(BankAccount.java:37)
	at com.bankaccount.BankAccount.pending(BankAccount.java:37)
	at com.bankaccount.BankAccount.pending(BankAccount.java:37)
	at com.bankaccount.BankAccount.pending(BankAccount.java:37)
	at com.bankaccount.BankAccount.pending(BankAccount.java:37)
	at com.bankaccount.BankAccount.pending(BankAccount.java:37)
	at com.bankaccount.BankAccount.pending(BankAccount.java:37)
	at com.bankaccount.BankAccount.pending(BankAccount.java:37)
	at com.bankaccount.BankAccount.pending(BankAccount.java:37)
	at com.bankaccount.BankAccount.pending(BankAccount.java:37)
	at com.bankaccount.BankAccount.pending(BankAccount.java:37)
	at com.bankaccount.BankAccount.pending(BankAccount.java:37)
	at com.bankaccount.BankAccount.pending(BankAccount.java:37)
	at com.bankaccount.BankAccount.pending(BankAccount.java:37)
	at com.bankaccount.BankAccount.pending(BankAccount.java:37)
	at com.bankaccount.BankAccount.pending(BankAccount.java:37)
	at com.bankaccount.BankAccount.pending(BankAccount.java:37)
	at com.bankaccount.BankAccount.pending(BankAccount.java:37)
	at com.bankaccount.BankAccount.pending(BankAccount.java:37)
	at com.bankaccount.BankAccount.pending(BankAccount.java:37)
	at com.bankaccount.BankAccount.pending(BankAccount.java:37)
	at com.bankaccount.BankAccount.pending(BankAccount.java:37)
	at com.bankaccount.BankAccount.pending(BankAccount.java:37)
	at com.bankaccount.BankAccount.pending(BankAccount.java:37)
	at com.bankaccount.BankAccount.pending(BankAccount.java:37)
	at com.bankaccount.BankAccount.pending(BankAccount.java:37)
	at com.bankaccount.BankAccount.pending(BankAccount.java:37)
	at com.bankaccount.BankAccount.pending(BankAccount.java:37)
	at com.bankaccount.BankAccount.pending(BankAccount.java:37)
	at com.bankaccount.BankAccount.pending(BankAccount.java:37)
	at com.bankaccount.BankAccount.pending(BankAccount.java:37)
	at com.bankaccount.BankAccount.pending(BankAccount.java:37)
	at com.bankaccount.BankAccount.pending(BankAccount.java:37)
	at com.bankaccount.BankAccount.pending(BankAccount.java:37)
	at com.bankaccount.BankAccount.pending(BankAccount.java:37)
	at com.bankaccount.BankAccount.pending(BankAccount.java:37)
	at com.bankaccount.BankAccount.pending(BankAccount.java:37)
	at com.bankaccount.BankAccount.pending(BankAccount.java:37)
	at com.bankaccount.BankAccount.pending(BankAccount.java:37)
	at com.bankaccount.BankAccount.pending(BankAccount.java:37)
	at com.bankaccount.BankAccount.pending(BankAccount.java:37)
	at com.bankaccount.BankAccount.pending(BankAccount.java:37)
	at com.bankaccount.BankAccount.pending(BankAccount.java:37)
	at com.bankaccount.BankAccount.pending(BankAccount.java:37)
	at com.bankaccount.BankAccount.pending(BankAccount.java:37)
	at com.bankaccount.BankAccount.pending(BankAccount.java:37)
	at com.bankaccount.BankAccount.pending(BankAccount.java:37)
	at com.bankaccount.BankAccount.pending(BankAccount.java:37)
	at com.bankaccount.BankAccount.pending(BankAccount.java:37)
	at com.bankaccount.BankAccount.pending(BankAccount.java:37)
	at com.bankaccount.BankAccount.pending(BankAccount.java:37)
	at com.bankaccount.BankAccount.pending(BankAccount.java:37)
	at com.bankaccount.BankAccount.pending(BankAccount.java:37)
	at com.bankaccount.BankAccount.pending(BankAccount.java:37)
	at com.bankaccount.BankAccount.pending(BankAccount.java:37)
	at com.bankaccount.BankAccount.pending(BankAccount.java:37)
	at com.bankaccount.BankAccount.pending(BankAccount.java:37)
	at com.bankaccount.BankAccount.pending(BankAccount.java:37)
	at com.bankaccount.BankAccount.pending(BankAccount.java:37)
	at com.bankaccount.BankAccount.pending(BankAccount.java:37)
	at com.bankaccount.BankAccount.pending(BankAccount.java:37)
	at com.bankaccount.BankAccount.pending(BankAccount.java:37)
	at com.bankaccount.BankAccount.pending(BankAccount.java:37)
	at com.bankaccount.BankAccount.pending(BankAccount.java:37)
	at com.bankaccount.BankAccount.pending(BankAccount.java:37)
	at com.bankaccount.BankAccount.pending(BankAccount.java:37)
	at com.bankaccount.BankAccount.pending(BankAccount.java:37)
	at com.bankaccount.BankAccount.pending(BankAccount.java:37)
	at com.bankaccount.BankAccount.pending(BankAccount.java:37)
	at com.bankaccount.BankAccount.pending(BankAccount.java:37)
	at com.bankaccount.BankAccount.pending(BankAccount.java:37)
	at com.bankaccount.BankAccount.pending(BankAccount.java:37)
	at com.bankaccount.BankAccount.pending(BankAccount.java:37)
	at com.bankaccount.BankAccount.pending(BankAccount.java:37)
	at com.bankaccount.BankAccount.pending(BankAccount.java:37)
	at com.bankaccount.BankAccount.pending(BankAccount.java:37)
	at com.bankaccount.BankAccount.pending(BankAccount.java:37)
	at com.bankaccount.BankAccount.pending(BankAccount.java:37)
	at com.bankaccount.BankAccount.pending(BankAccount.java:37)
	at com.bankaccount.BankAccount.pending(BankAccount.java:37)
	at com.bankaccount.BankAccount.pending(BankAccount.java:37)
	at com.bankaccount.BankAccount.pending(BankAccount.java:37)
	at com.bankaccount.BankAccount.pending(BankAccount.java:37)
	at com.bankaccount.BankAccount.pending(BankAccount.java:37)
	at com.bankaccount.BankAccount.pending(BankAccount.java:37)
	at com.bankaccount.BankAccount.pending(BankAccount.java:37)
	at com.bankaccount.BankAccount.pending(BankAccount.java:37)
	at com.bankaccount.BankAccount.pending(BankAccount.java:37)
	at com.bankaccount.BankAccount.pending(BankAccount.java:37)
	at com.bankaccount.BankAccount.pending(BankAccount.java:37)
	at com.bankaccount.BankAccount.pending(BankAccount.java:37)
	at com.bankaccount.BankAccount.pending(BankAccount.java:37)
	at com.bankaccount.BankAccount.pending(BankAccount.java:37)
	at com.bankaccount.BankAccount.pending(BankAccount.java:37)
	at com.bankaccount.BankAccount.pending(BankAccount.java:37)
	at com.bankaccount.BankAccount.pending(BankAccount.java:37)
	at com.bankaccount.BankAccount.pending(BankAccount.java:37)
	at com.bankaccount.BankAccount.pending(BankAccount.java:37)
	at com.bankaccount.BankAccount.pending(BankAccount.java:37)
	at com.bankaccount.BankAccount.pending(BankAccount.java:37)
	at com.bankaccount.BankAccount.pending(BankAccount.java:37)
	at com.bankaccount.BankAccount.pending(BankAccount.java:37)
	at com.bankaccount.BankAccount.pending(BankAccount.java:37)
	at com.bankaccount.BankAccount.pending(BankAccount.java:37)
	at com.bankaccount.BankAccount.pending(BankAccount.java:37)
	at com.bankaccount.BankAccount.pending(BankAccount.java:37)
	at com.bankaccount.BankAccount.pending(BankAccount.java:37)
	at com.bankaccount.BankAccount.pending(BankAccount.java:37)
	at com.bankaccount.BankAccount.pending(BankAccount.java:37)
	at com.bankaccount.BankAccount.pending(BankAccount.java:37)
	at com.bankaccount.BankAccount.pending(BankAccount.java:37)
	at com.bankaccount.BankAccount.pending(BankAccount.java:37)
	at com.bankaccount.BankAccount.pending(BankAccount.java:37)
	at com.bankaccount.BankAccount.pending(BankAccount.java:37)
	at com.bankaccount.BankAccount.pending(BankAccount.java:37)
	at com.bankaccount.BankAccount.pending(BankAccount.java:37)
	at com.bankaccount.BankAccount.pending(BankAccount.java:37)
	at com.bankaccount.BankAccount.pending(BankAccount.java:37)
	at com.bankaccount.BankAccount.pending(BankAccount.java:37)
	at com.bankaccount.BankAccount.pending(BankAccount.java:37)
	at com.bankaccount.BankAccount.pending(BankAccount.java:37)
	at com.bankaccount.BankAccount.pending(BankAccount.java:37)
	at com.bankaccount.BankAccount.pending(BankAccount.java:37)
	at com.bankaccount.BankAccount.pending(BankAccount.java:37)
	at com.bankaccount.BankAccount.pending(BankAccount.java:37)
	at com.bankaccount.BankAccount.pending(BankAccount.java:37)
	at com.bankaccount.BankAccount.pending(BankAccount.java:37)
	at com.bankaccount.BankAccount.pending(BankAccount.java:37)
	at com.bankaccount.BankAccount.pending(BankAccount.java:37)
	at com.bankaccount.BankAccount.pending(BankAccount.java:37)
	at com.bankaccount.BankAccount.pending(BankAccount.java:37)
	at com.bankaccount.BankAccount.pending(BankAccount.java:37)
	at com.bankaccount.BankAccount.pending(BankAccount.java:37)
	at com.bankaccount.BankAccount.pending(BankAccount.java:37)
	at com.bankaccount.BankAccount.pending(BankAccount.java:37)
	at com.bankaccount.BankAccount.pending(BankAccount.java:37)
	at com.bankaccount.BankAccount.pending(BankAccount.java:37)
	at com.bankaccount.BankAccount.pending(BankAccount.java:37)
	at com.bankaccount.BankAccount.pending(BankAccount.java:37)
	at com.bankaccount.BankAccount.pending(BankAccount.java:37)
	at com.bankaccount.BankAccount.pending(BankAccount.java:37)
	at com.bankaccount.BankAccount.pending(BankAccount.java:37)
	at com.bankaccount.BankAccount.pending(BankAccount.java:37)
	at com.bankaccount.BankAccount.pending(BankAccount.java:37)
	at com.bankaccount.BankAccount.pending(BankAccount.java:37)
	at com.bankaccount.BankAccount.pending(BankAccount.java:37)
	at com.bankaccount.BankAccount.pending(BankAccount.java:37)
	at com.bankaccount.BankAccount.pending(BankAccount.java:37)
	at com.bankaccount.BankAccount.pending(BankAccount.java:37)
	at com.bankaccount.BankAccount.pending(BankAccount.java:37)
	at com.bankaccount.BankAccount.pending(BankAccount.java:37)
	at com.bankaccount.BankAccount.pending(BankAccount.java:37)
	at com.bankaccount.BankAccount.pending(BankAccount.java:37)
	at com.bankaccount.BankAccount.pending(BankAccount.java:37)
	at com.bankaccount.BankAccount.pending(BankAccount.java:37)
	at com.bankaccount.BankAccount.pending(BankAccount.java:37)
	at com.bankaccount.BankAccount.pending(BankAccount.java:37)
	at com.bankaccount.BankAccount.pending(BankAccount.java:37)
	at com.bankaccount.BankAccount.pending(BankAccount.java:37)
	at com.bankaccount.BankAccount.pending(BankAccount.java:37)
	at com.bankaccount.BankAccount.pending(BankAccount.java:37)
	at com.bankaccount.BankAccount.pending(BankAccount.java:37)
	at com.bankaccount.BankAccount.pending(BankAccount.java:37)
	at com.bankaccount.BankAccount.pending(BankAccount.java:37)
	at com.bankaccount.BankAccount.pending(BankAccount.java:37)
	at com.bankaccount.BankAccount.pending(BankAccount.java:37)
	at com.bankaccount.BankAccount.pending(BankAccount.java:37)
	at com.bankaccount.BankAccount.pending(BankAccount.java:37)
	at com.bankaccount.BankAccount.pending(BankAccount.java:37)
	at com.bankaccount.BankAccount.pending(BankAccount.java:37)
	at com.bankaccount.BankAccount.pending(BankAccount.java:37)
	at com.bankaccount.BankAccount.pending(BankAccount.java:37)
	at com.bankaccount.BankAccount.pending(BankAccount.java:37)
	at com.bankaccount.BankAccount.pending(BankAccount.java:37)
	at com.bankaccount.BankAccount.pending(BankAccount.java:37)
	at com.bankaccount.BankAccount.pending(BankAccount.java:37)
	at com.bankaccount.BankAccount.pending(BankAccount.java:37)
	at com.bankaccount.BankAccount.pending(BankAccount.java:37)
	at com.bankaccount.BankAccount.pending(BankAccount.java:37)
	at com.bankaccount.BankAccount.pending(BankAccount.java:37)
	at com.bankaccount.BankAccount.pending(BankAccount.java:37)
	at com.bankaccount.BankAccount.pending(BankAccount.java:37)
	at com.bankaccount.BankAccount.pending(BankAccount.java:37)
	at com.bankaccount.BankAccount.pending(BankAccount.java:37)
	at com.bankaccount.BankAccount.pending(BankAccount.java:37)
	at com.bankaccount.BankAccount.pending(BankAccount.java:37)
	at com.bankaccount.BankAccount.pending(BankAccount.java:37)
	at com.bankaccount.BankAccount.pending(BankAccount.java:37)
	at com.bankaccount.BankAccount.pending(BankAccount.java:37)
	at com.bankaccount.BankAccount.pending(BankAccount.java:37)
	at com.bankaccount.BankAccount.pending(BankAccount.java:37)
	at com.bankaccount.BankAccount.pending(BankAccount.java:37)
	at com.bankaccount.BankAccount.pending(BankAccount.java:37)
	at com.bankaccount.BankAccount.pending(BankAccount.java:37)
	at com.bankaccount.BankAccount.pending(BankAccount.java:37)
	at com.bankaccount.BankAccount.pending(BankAccount.java:37)
	at com.bankaccount.BankAccount.pending(BankAccount.java:37)
	at com.bankaccount.BankAccount.pending(BankAccount.java:37)
	at com.bankaccount.BankAccount.pending(BankAccount.java:37)
	at com.bankaccount.BankAccount.pending(BankAccount.java:37)
	at com.bankaccount.BankAccount.pending(BankAccount.java:37)
	at com.bankaccount.BankAccount.pending(BankAccount.java:37)
	at com.bankaccount.BankAccount.pending(BankAccount.java:37)
	at com.bankaccount.BankAccount.pending(BankAccount.java:37)
	at com.bankaccount.BankAccount.pending(BankAccount.java:37)
	at com.bankaccount.BankAccount.pending(BankAccount.java:37)
	at com.bankaccount.BankAccount.pending(BankAccount.java:37)
	at com.bankaccount.BankAccount.pending(BankAccount.java:37)
	at com.bankaccount.BankAccount.pending(BankAccount.java:37)
	at com.bankaccount.BankAccount.pending(BankAccount.java:37)
	at com.bankaccount.BankAccount.pending(BankAccount.java:37)
	at com.bankaccount.BankAccount.pending(BankAccount.java:37)
	at com.bankaccount.BankAccount.pending(BankAccount.java:37)
	at com.bankaccount.BankAccount.pending(BankAccount.java:37)
	at com.bankaccount.BankAccount.pending(BankAccount.java:37)
	at com.bankaccount.BankAccount.pending(BankAccount.java:37)
	at com.bankaccount.BankAccount.pending(BankAccount.java:37)
	at com.bankaccount.BankAccount.pending(BankAccount.java:37)
	at com.bankaccount.BankAccount.pending(BankAccount.java:37)
	at com.bankaccount.BankAccount.pending(BankAccount.java:37)
	at com.bankaccount.BankAccount.pending(BankAccount.java:37)
	at com.bankaccount.BankAccount.pending(BankAccount.java:37)
	at com.bankaccount.BankAccount.pending(BankAccount.java:37)
	at com.bankaccount.BankAccount.pending(BankAccount.java:37)
	at com.bankaccount.BankAccount.pending(BankAccount.java:37)
	at com.bankaccount.BankAccount.pending(BankAccount.java:37)
	at com.bankaccount.BankAccount.pending(BankAccount.java:37)
	at com.bankaccount.BankAccount.pending(BankAccount.java:37)
	at com.bankaccount.BankAccount.pending(BankAccount.java:37)
	at com.bankaccount.BankAccount.pending(BankAccount.java:37)
	at com.bankaccount.BankAccount.pending(BankAccount.java:37)
	at com.bankaccount.BankAccount.pending(BankAccount.java:37)
	at com.bankaccount.BankAccount.pending(BankAccount.java:37)
	at com.bankaccount.BankAccount.pending(BankAccount.java:37)
	at com.bankaccount.BankAccount.pending(BankAccount.java:37)
	at com.bankaccount.BankAccount.pending(BankAccount.java:37)
	at com.bankaccount.BankAccount.pending(BankAccount.java:37)
	at com.bankaccount.BankAccount.pending(BankAccount.java:37)
	at com.bankaccount.BankAccount.pending(BankAccount.java:37)
	at com.bankaccount.BankAccount.pending(BankAccount.java:37)
	at com.bankaccount.BankAccount.pending(BankAccount.java:37)
	at com.bankaccount.BankAccount.pending(BankAccount.java:37)
	at com.bankaccount.BankAccount.pending(BankAccount.java:37)
	at com.bankaccount.BankAccount.pending(BankAccount.java:37)
	at com.bankaccount.BankAccount.pending(BankAccount.java:37)
	at com.bankaccount.BankAccount.pending(BankAccount.java:37)
	at com.bankaccount.BankAccount.pending(BankAccount.java:37)
	at com.bankaccount.BankAccount.pending(BankAccount.java:37)
	at com.bankaccount.BankAccount.pending(BankAccount.java:37)
	at com.bankaccount.BankAccount.pending(BankAccount.java:37)
	at com.bankaccount.BankAccount.pending(BankAccount.java:37)
	at com.bankaccount.BankAccount.pending(BankAccount.java:37)
	at com.bankaccount.BankAccount.pending(BankAccount.java:37)
	at com.bankaccount.BankAccount.pending(BankAccount.java:37)
	at com.bankaccount.BankAccount.pending(BankAccount.java:37)
	at com.bankaccount.BankAccount.pending(BankAccount.java:37)
	at com.bankaccount.BankAccount.pending(BankAccount.java:37)
	at com.bankaccount.BankAccount.pending(BankAccount.java:37)
	at com.bankaccount.BankAccount.pending(BankAccount.java:37)
	at com.bankaccount.BankAccount.pending(BankAccount.java:37)
	at com.bankaccount.BankAccount.pending(BankAccount.java:37)
	at com.bankaccount.BankAccount.pending(BankAccount.java:37)
	at com.bankaccount.BankAccount.pending(BankAccount.java:37)
	at com.bankaccount.BankAccount.pending(BankAccount.java:37)
	at com.bankaccount.BankAccount.pending(BankAccount.java:37)
	at com.bankaccount.BankAccount.pending(BankAccount.java:37)
	at com.bankaccount.BankAccount.pending(BankAccount.java:37)
	at com.bankaccount.BankAccount.pending(BankAccount.java:37)
	at com.bankaccount.BankAccount.pending(BankAccount.java:37)
	at com.bankaccount.BankAccount.pending(BankAccount.java:37)
	at com.bankaccount.BankAccount.pending(BankAccount.java:37)
	at com.bankaccount.BankAccount.pending(BankAccount.java:37)
]]></failure>
  </testcase>
  <testcase name="depositNegativeAmountThrowsIllegalArgumentException" classname="bankaccount.TestBank" time="0.001"/>
  <testcase name="paymentReturnCorrectValue" classname="bankaccount.TestBank" time="0.0"/>
  <testcase name="getBalanceReturn100" classname="bankaccount.TestBank" time="0.0"/>
  <testcase name="withdrawMoneyMoreThanBalanceShouldReturnFalse" classname="bankaccount.TestBank" time="0.001"/>
  <testcase name="paymentNegativeValuesThrowsIllegalArgumentException" classname="bankaccount.TestBank" time="0.001">
    <failure message="Expected java.lang.IllegalArgumentException to be thrown, but nothing was thrown." type="org.opentest4j.AssertionFailedError"><![CDATA[org.opentest4j.AssertionFailedError: Expected java.lang.IllegalArgumentException to be thrown, but nothing was thrown.
	at org.junit.jupiter.api.AssertionFailureBuilder.build(AssertionFailureBuilder.java:152)
	at org.junit.jupiter.api.AssertThrows.assertThrows(AssertThrows.java:73)
	at org.junit.jupiter.api.AssertThrows.assertThrows(AssertThrows.java:35)
	at org.junit.jupiter.api.Assertions.assertThrows(Assertions.java:3115)
	at bankaccount.TestBank.paymentNegativeValuesThrowsIllegalArgumentException(TestBank.java:96)
	at java.base/java.lang.reflect.Method.invoke(Method.java:578)
	at java.base/java.util.ArrayList.forEach(ArrayList.java:1511)
	at java.base/java.util.ArrayList.forEach(ArrayList.java:1511)
]]></failure>
  </testcase>
</testsuite>